[2023-09-04 10:41:19,800] INFO [Controller id=0 epoch=1] Sending UpdateMetadata request to brokers HashSet(0) for 0 partitions (state.change.logger)
[2023-09-04 10:56:47,571] INFO [Controller id=0 epoch=1] Changed partition login.user-0 state from NonExistentPartition to NewPartition with assigned replicas 0 (state.change.logger)
[2023-09-04 10:56:47,571] INFO [Controller id=0 epoch=1] Sending UpdateMetadata request to brokers HashSet() for 0 partitions (state.change.logger)
[2023-09-04 10:56:47,574] INFO [Controller id=0 epoch=1] Sending UpdateMetadata request to brokers HashSet() for 0 partitions (state.change.logger)
[2023-09-04 10:56:47,595] INFO [Controller id=0 epoch=1] Changed partition login.user-0 from NewPartition to OnlinePartition with state LeaderAndIsr(leader=0, leaderEpoch=0, isrWithBrokerEpoch=List(BrokerState(brokerId=0, brokerEpoch=-1)), leaderRecoveryState=RECOVERED, partitionEpoch=0) (state.change.logger)
[2023-09-04 10:56:47,597] INFO [Controller id=0 epoch=1] Sending LeaderAndIsr request to broker 0 with 1 become-leader and 0 become-follower partitions (state.change.logger)
[2023-09-04 10:56:47,598] INFO [Controller id=0 epoch=1] Sending UpdateMetadata request to brokers HashSet(0) for 1 partitions (state.change.logger)
[2023-09-04 10:56:47,599] INFO [Controller id=0 epoch=1] Sending UpdateMetadata request to brokers HashSet() for 0 partitions (state.change.logger)
[2023-09-04 10:56:47,607] INFO [Broker id=0] Handling LeaderAndIsr request correlationId 1 from controller 0 for 1 partitions (state.change.logger)
[2023-09-04 10:56:47,625] INFO [Broker id=0] Stopped fetchers as part of LeaderAndIsr request correlationId 1 from controller 0 epoch 1 as part of the become-leader transition for 1 partitions (state.change.logger)
[2023-09-04 10:56:47,716] INFO [Broker id=0] Leader login.user-0 with topic id Some(EINSeHDCSy6GDrCYW52sQw) starts at leader epoch 0 from offset 0 with partition epoch 0, high watermark 0, ISR [0], adding replicas [] and removing replicas [] . Previous leader epoch was -1. (state.change.logger)
[2023-09-04 10:56:47,729] INFO [Broker id=0] Finished LeaderAndIsr request in 123ms correlationId 1 from controller 0 for 1 partitions (state.change.logger)
[2023-09-04 10:56:47,736] INFO [Broker id=0] Add 1 partitions and deleted 0 partitions from metadata cache in response to UpdateMetadata request sent by controller 0 epoch 1 with correlation id 2 (state.change.logger)
[2023-09-04 11:39:52,707] INFO [Controller id=0 epoch=1] Changed partition __consumer_offsets-22 state from NonExistentPartition to NewPartition with assigned replicas 0 (state.change.logger)
[2023-09-04 11:39:52,716] INFO [Controller id=0 epoch=1] Changed partition __consumer_offsets-30 state from NonExistentPartition to NewPartition with assigned replicas 0 (state.change.logger)
[2023-09-04 11:39:52,716] INFO [Controller id=0 epoch=1] Changed partition __consumer_offsets-25 state from NonExistentPartition to NewPartition with assigned replicas 0 (state.change.logger)
[2023-09-04 11:39:52,716] INFO [Controller id=0 epoch=1] Changed partition __consumer_offsets-35 state from NonExistentPartition to NewPartition with assigned replicas 0 (state.change.logger)
[2023-09-04 11:39:52,716] INFO [Controller id=0 epoch=1] Changed partition __consumer_offsets-37 state from NonExistentPartition to NewPartition with assigned replicas 0 (state.change.logger)
[2023-09-04 11:39:52,716] INFO [Controller id=0 epoch=1] Changed partition __consumer_offsets-38 state from NonExistentPartition to NewPartition with assigned replicas 0 (state.change.logger)
[2023-09-04 11:39:52,716] INFO [Controller id=0 epoch=1] Changed partition __consumer_offsets-13 state from NonExistentPartition to NewPartition with assigned replicas 0 (state.change.logger)
[2023-09-04 11:39:52,716] INFO [Controller id=0 epoch=1] Changed partition __consumer_offsets-8 state from NonExistentPartition to NewPartition with assigned replicas 0 (state.change.logger)
[2023-09-04 11:39:52,716] INFO [Controller id=0 epoch=1] Changed partition __consumer_offsets-21 state from NonExistentPartition to NewPartition with assigned replicas 0 (state.change.logger)
[2023-09-04 11:39:52,716] INFO [Controller id=0 epoch=1] Changed partition __consumer_offsets-4 state from NonExistentPartition to NewPartition with assigned replicas 0 (state.change.logger)
[2023-09-04 11:39:52,716] INFO [Controller id=0 epoch=1] Changed partition __consumer_offsets-27 state from NonExistentPartition to NewPartition with assigned replicas 0 (state.change.logger)
[2023-09-04 11:39:52,716] INFO [Controller id=0 epoch=1] Changed partition __consumer_offsets-7 state from NonExistentPartition to NewPartition with assigned replicas 0 (state.change.logger)
[2023-09-04 11:39:52,716] INFO [Controller id=0 epoch=1] Changed partition __consumer_offsets-9 state from NonExistentPartition to NewPartition with assigned replicas 0 (state.change.logger)
[2023-09-04 11:39:52,716] INFO [Controller id=0 epoch=1] Changed partition __consumer_offsets-46 state from NonExistentPartition to NewPartition with assigned replicas 0 (state.change.logger)
[2023-09-04 11:39:52,716] INFO [Controller id=0 epoch=1] Changed partition __consumer_offsets-41 state from NonExistentPartition to NewPartition with assigned replicas 0 (state.change.logger)
[2023-09-04 11:39:52,716] INFO [Controller id=0 epoch=1] Changed partition __consumer_offsets-33 state from NonExistentPartition to NewPartition with assigned replicas 0 (state.change.logger)
[2023-09-04 11:39:52,716] INFO [Controller id=0 epoch=1] Changed partition __consumer_offsets-23 state from NonExistentPartition to NewPartition with assigned replicas 0 (state.change.logger)
[2023-09-04 11:39:52,716] INFO [Controller id=0 epoch=1] Changed partition __consumer_offsets-49 state from NonExistentPartition to NewPartition with assigned replicas 0 (state.change.logger)
[2023-09-04 11:39:52,716] INFO [Controller id=0 epoch=1] Changed partition __consumer_offsets-47 state from NonExistentPartition to NewPartition with assigned replicas 0 (state.change.logger)
[2023-09-04 11:39:52,716] INFO [Controller id=0 epoch=1] Changed partition __consumer_offsets-16 state from NonExistentPartition to NewPartition with assigned replicas 0 (state.change.logger)
[2023-09-04 11:39:52,716] INFO [Controller id=0 epoch=1] Changed partition __consumer_offsets-28 state from NonExistentPartition to NewPartition with assigned replicas 0 (state.change.logger)
[2023-09-04 11:39:52,716] INFO [Controller id=0 epoch=1] Changed partition __consumer_offsets-31 state from NonExistentPartition to NewPartition with assigned replicas 0 (state.change.logger)
[2023-09-04 11:39:52,716] INFO [Controller id=0 epoch=1] Changed partition __consumer_offsets-36 state from NonExistentPartition to NewPartition with assigned replicas 0 (state.change.logger)
[2023-09-04 11:39:52,716] INFO [Controller id=0 epoch=1] Changed partition __consumer_offsets-42 state from NonExistentPartition to NewPartition with assigned replicas 0 (state.change.logger)
[2023-09-04 11:39:52,716] INFO [Controller id=0 epoch=1] Changed partition __consumer_offsets-3 state from NonExistentPartition to NewPartition with assigned replicas 0 (state.change.logger)
[2023-09-04 11:39:52,716] INFO [Controller id=0 epoch=1] Changed partition __consumer_offsets-18 state from NonExistentPartition to NewPartition with assigned replicas 0 (state.change.logger)
[2023-09-04 11:39:52,716] INFO [Controller id=0 epoch=1] Changed partition __consumer_offsets-15 state from NonExistentPartition to NewPartition with assigned replicas 0 (state.change.logger)
[2023-09-04 11:39:52,716] INFO [Controller id=0 epoch=1] Changed partition __consumer_offsets-24 state from NonExistentPartition to NewPartition with assigned replicas 0 (state.change.logger)
[2023-09-04 11:39:52,717] INFO [Controller id=0 epoch=1] Changed partition __consumer_offsets-17 state from NonExistentPartition to NewPartition with assigned replicas 0 (state.change.logger)
[2023-09-04 11:39:52,717] INFO [Controller id=0 epoch=1] Changed partition __consumer_offsets-48 state from NonExistentPartition to NewPartition with assigned replicas 0 (state.change.logger)
[2023-09-04 11:39:52,717] INFO [Controller id=0 epoch=1] Changed partition __consumer_offsets-19 state from NonExistentPartition to NewPartition with assigned replicas 0 (state.change.logger)
[2023-09-04 11:39:52,717] INFO [Controller id=0 epoch=1] Changed partition __consumer_offsets-11 state from NonExistentPartition to NewPartition with assigned replicas 0 (state.change.logger)
[2023-09-04 11:39:52,717] INFO [Controller id=0 epoch=1] Changed partition __consumer_offsets-2 state from NonExistentPartition to NewPartition with assigned replicas 0 (state.change.logger)
[2023-09-04 11:39:52,717] INFO [Controller id=0 epoch=1] Changed partition __consumer_offsets-43 state from NonExistentPartition to NewPartition with assigned replicas 0 (state.change.logger)
[2023-09-04 11:39:52,717] INFO [Controller id=0 epoch=1] Changed partition __consumer_offsets-6 state from NonExistentPartition to NewPartition with assigned replicas 0 (state.change.logger)
[2023-09-04 11:39:52,717] INFO [Controller id=0 epoch=1] Changed partition __consumer_offsets-14 state from NonExistentPartition to NewPartition with assigned replicas 0 (state.change.logger)
[2023-09-04 11:39:52,717] INFO [Controller id=0 epoch=1] Changed partition __consumer_offsets-20 state from NonExistentPartition to NewPartition with assigned replicas 0 (state.change.logger)
[2023-09-04 11:39:52,717] INFO [Controller id=0 epoch=1] Changed partition __consumer_offsets-0 state from NonExistentPartition to NewPartition with assigned replicas 0 (state.change.logger)
[2023-09-04 11:39:52,717] INFO [Controller id=0 epoch=1] Changed partition __consumer_offsets-44 state from NonExistentPartition to NewPartition with assigned replicas 0 (state.change.logger)
[2023-09-04 11:39:52,717] INFO [Controller id=0 epoch=1] Changed partition __consumer_offsets-39 state from NonExistentPartition to NewPartition with assigned replicas 0 (state.change.logger)
[2023-09-04 11:39:52,717] INFO [Controller id=0 epoch=1] Changed partition __consumer_offsets-12 state from NonExistentPartition to NewPartition with assigned replicas 0 (state.change.logger)
[2023-09-04 11:39:52,717] INFO [Controller id=0 epoch=1] Changed partition __consumer_offsets-45 state from NonExistentPartition to NewPartition with assigned replicas 0 (state.change.logger)
[2023-09-04 11:39:52,717] INFO [Controller id=0 epoch=1] Changed partition __consumer_offsets-1 state from NonExistentPartition to NewPartition with assigned replicas 0 (state.change.logger)
[2023-09-04 11:39:52,717] INFO [Controller id=0 epoch=1] Changed partition __consumer_offsets-5 state from NonExistentPartition to NewPartition with assigned replicas 0 (state.change.logger)
[2023-09-04 11:39:52,717] INFO [Controller id=0 epoch=1] Changed partition __consumer_offsets-26 state from NonExistentPartition to NewPartition with assigned replicas 0 (state.change.logger)
[2023-09-04 11:39:52,717] INFO [Controller id=0 epoch=1] Changed partition __consumer_offsets-29 state from NonExistentPartition to NewPartition with assigned replicas 0 (state.change.logger)
[2023-09-04 11:39:52,717] INFO [Controller id=0 epoch=1] Changed partition __consumer_offsets-34 state from NonExistentPartition to NewPartition with assigned replicas 0 (state.change.logger)
[2023-09-04 11:39:52,717] INFO [Controller id=0 epoch=1] Changed partition __consumer_offsets-10 state from NonExistentPartition to NewPartition with assigned replicas 0 (state.change.logger)
[2023-09-04 11:39:52,717] INFO [Controller id=0 epoch=1] Changed partition __consumer_offsets-32 state from NonExistentPartition to NewPartition with assigned replicas 0 (state.change.logger)
[2023-09-04 11:39:52,717] INFO [Controller id=0 epoch=1] Changed partition __consumer_offsets-40 state from NonExistentPartition to NewPartition with assigned replicas 0 (state.change.logger)
[2023-09-04 11:39:52,717] INFO [Controller id=0 epoch=1] Sending UpdateMetadata request to brokers HashSet() for 0 partitions (state.change.logger)
[2023-09-04 11:39:52,719] INFO [Controller id=0 epoch=1] Sending UpdateMetadata request to brokers HashSet() for 0 partitions (state.change.logger)
[2023-09-04 11:39:52,782] INFO [Controller id=0 epoch=1] Changed partition __consumer_offsets-22 from NewPartition to OnlinePartition with state LeaderAndIsr(leader=0, leaderEpoch=0, isrWithBrokerEpoch=List(BrokerState(brokerId=0, brokerEpoch=-1)), leaderRecoveryState=RECOVERED, partitionEpoch=0) (state.change.logger)
[2023-09-04 11:39:52,782] INFO [Controller id=0 epoch=1] Changed partition __consumer_offsets-30 from NewPartition to OnlinePartition with state LeaderAndIsr(leader=0, leaderEpoch=0, isrWithBrokerEpoch=List(BrokerState(brokerId=0, brokerEpoch=-1)), leaderRecoveryState=RECOVERED, partitionEpoch=0) (state.change.logger)
[2023-09-04 11:39:52,782] INFO [Controller id=0 epoch=1] Changed partition __consumer_offsets-25 from NewPartition to OnlinePartition with state LeaderAndIsr(leader=0, leaderEpoch=0, isrWithBrokerEpoch=List(BrokerState(brokerId=0, brokerEpoch=-1)), leaderRecoveryState=RECOVERED, partitionEpoch=0) (state.change.logger)
[2023-09-04 11:39:52,782] INFO [Controller id=0 epoch=1] Changed partition __consumer_offsets-35 from NewPartition to OnlinePartition with state LeaderAndIsr(leader=0, leaderEpoch=0, isrWithBrokerEpoch=List(BrokerState(brokerId=0, brokerEpoch=-1)), leaderRecoveryState=RECOVERED, partitionEpoch=0) (state.change.logger)
[2023-09-04 11:39:52,782] INFO [Controller id=0 epoch=1] Changed partition __consumer_offsets-37 from NewPartition to OnlinePartition with state LeaderAndIsr(leader=0, leaderEpoch=0, isrWithBrokerEpoch=List(BrokerState(brokerId=0, brokerEpoch=-1)), leaderRecoveryState=RECOVERED, partitionEpoch=0) (state.change.logger)
[2023-09-04 11:39:52,782] INFO [Controller id=0 epoch=1] Changed partition __consumer_offsets-38 from NewPartition to OnlinePartition with state LeaderAndIsr(leader=0, leaderEpoch=0, isrWithBrokerEpoch=List(BrokerState(brokerId=0, brokerEpoch=-1)), leaderRecoveryState=RECOVERED, partitionEpoch=0) (state.change.logger)
[2023-09-04 11:39:52,782] INFO [Controller id=0 epoch=1] Changed partition __consumer_offsets-13 from NewPartition to OnlinePartition with state LeaderAndIsr(leader=0, leaderEpoch=0, isrWithBrokerEpoch=List(BrokerState(brokerId=0, brokerEpoch=-1)), leaderRecoveryState=RECOVERED, partitionEpoch=0) (state.change.logger)
[2023-09-04 11:39:52,782] INFO [Controller id=0 epoch=1] Changed partition __consumer_offsets-8 from NewPartition to OnlinePartition with state LeaderAndIsr(leader=0, leaderEpoch=0, isrWithBrokerEpoch=List(BrokerState(brokerId=0, brokerEpoch=-1)), leaderRecoveryState=RECOVERED, partitionEpoch=0) (state.change.logger)
[2023-09-04 11:39:52,782] INFO [Controller id=0 epoch=1] Changed partition __consumer_offsets-21 from NewPartition to OnlinePartition with state LeaderAndIsr(leader=0, leaderEpoch=0, isrWithBrokerEpoch=List(BrokerState(brokerId=0, brokerEpoch=-1)), leaderRecoveryState=RECOVERED, partitionEpoch=0) (state.change.logger)
[2023-09-04 11:39:52,782] INFO [Controller id=0 epoch=1] Changed partition __consumer_offsets-4 from NewPartition to OnlinePartition with state LeaderAndIsr(leader=0, leaderEpoch=0, isrWithBrokerEpoch=List(BrokerState(brokerId=0, brokerEpoch=-1)), leaderRecoveryState=RECOVERED, partitionEpoch=0) (state.change.logger)
[2023-09-04 11:39:52,782] INFO [Controller id=0 epoch=1] Changed partition __consumer_offsets-27 from NewPartition to OnlinePartition with state LeaderAndIsr(leader=0, leaderEpoch=0, isrWithBrokerEpoch=List(BrokerState(brokerId=0, brokerEpoch=-1)), leaderRecoveryState=RECOVERED, partitionEpoch=0) (state.change.logger)
[2023-09-04 11:39:52,783] INFO [Controller id=0 epoch=1] Changed partition __consumer_offsets-7 from NewPartition to OnlinePartition with state LeaderAndIsr(leader=0, leaderEpoch=0, isrWithBrokerEpoch=List(BrokerState(brokerId=0, brokerEpoch=-1)), leaderRecoveryState=RECOVERED, partitionEpoch=0) (state.change.logger)
[2023-09-04 11:39:52,783] INFO [Controller id=0 epoch=1] Changed partition __consumer_offsets-9 from NewPartition to OnlinePartition with state LeaderAndIsr(leader=0, leaderEpoch=0, isrWithBrokerEpoch=List(BrokerState(brokerId=0, brokerEpoch=-1)), leaderRecoveryState=RECOVERED, partitionEpoch=0) (state.change.logger)
[2023-09-04 11:39:52,783] INFO [Controller id=0 epoch=1] Changed partition __consumer_offsets-46 from NewPartition to OnlinePartition with state LeaderAndIsr(leader=0, leaderEpoch=0, isrWithBrokerEpoch=List(BrokerState(brokerId=0, brokerEpoch=-1)), leaderRecoveryState=RECOVERED, partitionEpoch=0) (state.change.logger)
[2023-09-04 11:39:52,783] INFO [Controller id=0 epoch=1] Changed partition __consumer_offsets-41 from NewPartition to OnlinePartition with state LeaderAndIsr(leader=0, leaderEpoch=0, isrWithBrokerEpoch=List(BrokerState(brokerId=0, brokerEpoch=-1)), leaderRecoveryState=RECOVERED, partitionEpoch=0) (state.change.logger)
[2023-09-04 11:39:52,783] INFO [Controller id=0 epoch=1] Changed partition __consumer_offsets-33 from NewPartition to OnlinePartition with state LeaderAndIsr(leader=0, leaderEpoch=0, isrWithBrokerEpoch=List(BrokerState(brokerId=0, brokerEpoch=-1)), leaderRecoveryState=RECOVERED, partitionEpoch=0) (state.change.logger)
[2023-09-04 11:39:52,783] INFO [Controller id=0 epoch=1] Changed partition __consumer_offsets-23 from NewPartition to OnlinePartition with state LeaderAndIsr(leader=0, leaderEpoch=0, isrWithBrokerEpoch=List(BrokerState(brokerId=0, brokerEpoch=-1)), leaderRecoveryState=RECOVERED, partitionEpoch=0) (state.change.logger)
[2023-09-04 11:39:52,783] INFO [Controller id=0 epoch=1] Changed partition __consumer_offsets-49 from NewPartition to OnlinePartition with state LeaderAndIsr(leader=0, leaderEpoch=0, isrWithBrokerEpoch=List(BrokerState(brokerId=0, brokerEpoch=-1)), leaderRecoveryState=RECOVERED, partitionEpoch=0) (state.change.logger)
[2023-09-04 11:39:52,783] INFO [Controller id=0 epoch=1] Changed partition __consumer_offsets-47 from NewPartition to OnlinePartition with state LeaderAndIsr(leader=0, leaderEpoch=0, isrWithBrokerEpoch=List(BrokerState(brokerId=0, brokerEpoch=-1)), leaderRecoveryState=RECOVERED, partitionEpoch=0) (state.change.logger)
[2023-09-04 11:39:52,783] INFO [Controller id=0 epoch=1] Changed partition __consumer_offsets-16 from NewPartition to OnlinePartition with state LeaderAndIsr(leader=0, leaderEpoch=0, isrWithBrokerEpoch=List(BrokerState(brokerId=0, brokerEpoch=-1)), leaderRecoveryState=RECOVERED, partitionEpoch=0) (state.change.logger)
[2023-09-04 11:39:52,783] INFO [Controller id=0 epoch=1] Changed partition __consumer_offsets-28 from NewPartition to OnlinePartition with state LeaderAndIsr(leader=0, leaderEpoch=0, isrWithBrokerEpoch=List(BrokerState(brokerId=0, brokerEpoch=-1)), leaderRecoveryState=RECOVERED, partitionEpoch=0) (state.change.logger)
[2023-09-04 11:39:52,783] INFO [Controller id=0 epoch=1] Changed partition __consumer_offsets-31 from NewPartition to OnlinePartition with state LeaderAndIsr(leader=0, leaderEpoch=0, isrWithBrokerEpoch=List(BrokerState(brokerId=0, brokerEpoch=-1)), leaderRecoveryState=RECOVERED, partitionEpoch=0) (state.change.logger)
[2023-09-04 11:39:52,783] INFO [Controller id=0 epoch=1] Changed partition __consumer_offsets-36 from NewPartition to OnlinePartition with state LeaderAndIsr(leader=0, leaderEpoch=0, isrWithBrokerEpoch=List(BrokerState(brokerId=0, brokerEpoch=-1)), leaderRecoveryState=RECOVERED, partitionEpoch=0) (state.change.logger)
[2023-09-04 11:39:52,783] INFO [Controller id=0 epoch=1] Changed partition __consumer_offsets-42 from NewPartition to OnlinePartition with state LeaderAndIsr(leader=0, leaderEpoch=0, isrWithBrokerEpoch=List(BrokerState(brokerId=0, brokerEpoch=-1)), leaderRecoveryState=RECOVERED, partitionEpoch=0) (state.change.logger)
[2023-09-04 11:39:52,783] INFO [Controller id=0 epoch=1] Changed partition __consumer_offsets-3 from NewPartition to OnlinePartition with state LeaderAndIsr(leader=0, leaderEpoch=0, isrWithBrokerEpoch=List(BrokerState(brokerId=0, brokerEpoch=-1)), leaderRecoveryState=RECOVERED, partitionEpoch=0) (state.change.logger)
[2023-09-04 11:39:52,783] INFO [Controller id=0 epoch=1] Changed partition __consumer_offsets-18 from NewPartition to OnlinePartition with state LeaderAndIsr(leader=0, leaderEpoch=0, isrWithBrokerEpoch=List(BrokerState(brokerId=0, brokerEpoch=-1)), leaderRecoveryState=RECOVERED, partitionEpoch=0) (state.change.logger)
[2023-09-04 11:39:52,783] INFO [Controller id=0 epoch=1] Changed partition __consumer_offsets-15 from NewPartition to OnlinePartition with state LeaderAndIsr(leader=0, leaderEpoch=0, isrWithBrokerEpoch=List(BrokerState(brokerId=0, brokerEpoch=-1)), leaderRecoveryState=RECOVERED, partitionEpoch=0) (state.change.logger)
[2023-09-04 11:39:52,783] INFO [Controller id=0 epoch=1] Changed partition __consumer_offsets-24 from NewPartition to OnlinePartition with state LeaderAndIsr(leader=0, leaderEpoch=0, isrWithBrokerEpoch=List(BrokerState(brokerId=0, brokerEpoch=-1)), leaderRecoveryState=RECOVERED, partitionEpoch=0) (state.change.logger)
[2023-09-04 11:39:52,783] INFO [Controller id=0 epoch=1] Changed partition __consumer_offsets-17 from NewPartition to OnlinePartition with state LeaderAndIsr(leader=0, leaderEpoch=0, isrWithBrokerEpoch=List(BrokerState(brokerId=0, brokerEpoch=-1)), leaderRecoveryState=RECOVERED, partitionEpoch=0) (state.change.logger)
[2023-09-04 11:39:52,783] INFO [Controller id=0 epoch=1] Changed partition __consumer_offsets-48 from NewPartition to OnlinePartition with state LeaderAndIsr(leader=0, leaderEpoch=0, isrWithBrokerEpoch=List(BrokerState(brokerId=0, brokerEpoch=-1)), leaderRecoveryState=RECOVERED, partitionEpoch=0) (state.change.logger)
[2023-09-04 11:39:52,783] INFO [Controller id=0 epoch=1] Changed partition __consumer_offsets-19 from NewPartition to OnlinePartition with state LeaderAndIsr(leader=0, leaderEpoch=0, isrWithBrokerEpoch=List(BrokerState(brokerId=0, brokerEpoch=-1)), leaderRecoveryState=RECOVERED, partitionEpoch=0) (state.change.logger)
[2023-09-04 11:39:52,783] INFO [Controller id=0 epoch=1] Changed partition __consumer_offsets-11 from NewPartition to OnlinePartition with state LeaderAndIsr(leader=0, leaderEpoch=0, isrWithBrokerEpoch=List(BrokerState(brokerId=0, brokerEpoch=-1)), leaderRecoveryState=RECOVERED, partitionEpoch=0) (state.change.logger)
[2023-09-04 11:39:52,784] INFO [Controller id=0 epoch=1] Changed partition __consumer_offsets-2 from NewPartition to OnlinePartition with state LeaderAndIsr(leader=0, leaderEpoch=0, isrWithBrokerEpoch=List(BrokerState(brokerId=0, brokerEpoch=-1)), leaderRecoveryState=RECOVERED, partitionEpoch=0) (state.change.logger)
[2023-09-04 11:39:52,784] INFO [Controller id=0 epoch=1] Changed partition __consumer_offsets-43 from NewPartition to OnlinePartition with state LeaderAndIsr(leader=0, leaderEpoch=0, isrWithBrokerEpoch=List(BrokerState(brokerId=0, brokerEpoch=-1)), leaderRecoveryState=RECOVERED, partitionEpoch=0) (state.change.logger)
[2023-09-04 11:39:52,784] INFO [Controller id=0 epoch=1] Changed partition __consumer_offsets-6 from NewPartition to OnlinePartition with state LeaderAndIsr(leader=0, leaderEpoch=0, isrWithBrokerEpoch=List(BrokerState(brokerId=0, brokerEpoch=-1)), leaderRecoveryState=RECOVERED, partitionEpoch=0) (state.change.logger)
[2023-09-04 11:39:52,784] INFO [Controller id=0 epoch=1] Changed partition __consumer_offsets-14 from NewPartition to OnlinePartition with state LeaderAndIsr(leader=0, leaderEpoch=0, isrWithBrokerEpoch=List(BrokerState(brokerId=0, brokerEpoch=-1)), leaderRecoveryState=RECOVERED, partitionEpoch=0) (state.change.logger)
[2023-09-04 11:39:52,784] INFO [Controller id=0 epoch=1] Changed partition __consumer_offsets-20 from NewPartition to OnlinePartition with state LeaderAndIsr(leader=0, leaderEpoch=0, isrWithBrokerEpoch=List(BrokerState(brokerId=0, brokerEpoch=-1)), leaderRecoveryState=RECOVERED, partitionEpoch=0) (state.change.logger)
[2023-09-04 11:39:52,784] INFO [Controller id=0 epoch=1] Changed partition __consumer_offsets-0 from NewPartition to OnlinePartition with state LeaderAndIsr(leader=0, leaderEpoch=0, isrWithBrokerEpoch=List(BrokerState(brokerId=0, brokerEpoch=-1)), leaderRecoveryState=RECOVERED, partitionEpoch=0) (state.change.logger)
[2023-09-04 11:39:52,784] INFO [Controller id=0 epoch=1] Changed partition __consumer_offsets-44 from NewPartition to OnlinePartition with state LeaderAndIsr(leader=0, leaderEpoch=0, isrWithBrokerEpoch=List(BrokerState(brokerId=0, brokerEpoch=-1)), leaderRecoveryState=RECOVERED, partitionEpoch=0) (state.change.logger)
[2023-09-04 11:39:52,784] INFO [Controller id=0 epoch=1] Changed partition __consumer_offsets-39 from NewPartition to OnlinePartition with state LeaderAndIsr(leader=0, leaderEpoch=0, isrWithBrokerEpoch=List(BrokerState(brokerId=0, brokerEpoch=-1)), leaderRecoveryState=RECOVERED, partitionEpoch=0) (state.change.logger)
[2023-09-04 11:39:52,784] INFO [Controller id=0 epoch=1] Changed partition __consumer_offsets-12 from NewPartition to OnlinePartition with state LeaderAndIsr(leader=0, leaderEpoch=0, isrWithBrokerEpoch=List(BrokerState(brokerId=0, brokerEpoch=-1)), leaderRecoveryState=RECOVERED, partitionEpoch=0) (state.change.logger)
[2023-09-04 11:39:52,784] INFO [Controller id=0 epoch=1] Changed partition __consumer_offsets-45 from NewPartition to OnlinePartition with state LeaderAndIsr(leader=0, leaderEpoch=0, isrWithBrokerEpoch=List(BrokerState(brokerId=0, brokerEpoch=-1)), leaderRecoveryState=RECOVERED, partitionEpoch=0) (state.change.logger)
[2023-09-04 11:39:52,784] INFO [Controller id=0 epoch=1] Changed partition __consumer_offsets-1 from NewPartition to OnlinePartition with state LeaderAndIsr(leader=0, leaderEpoch=0, isrWithBrokerEpoch=List(BrokerState(brokerId=0, brokerEpoch=-1)), leaderRecoveryState=RECOVERED, partitionEpoch=0) (state.change.logger)
[2023-09-04 11:39:52,784] INFO [Controller id=0 epoch=1] Changed partition __consumer_offsets-5 from NewPartition to OnlinePartition with state LeaderAndIsr(leader=0, leaderEpoch=0, isrWithBrokerEpoch=List(BrokerState(brokerId=0, brokerEpoch=-1)), leaderRecoveryState=RECOVERED, partitionEpoch=0) (state.change.logger)
[2023-09-04 11:39:52,784] INFO [Controller id=0 epoch=1] Changed partition __consumer_offsets-26 from NewPartition to OnlinePartition with state LeaderAndIsr(leader=0, leaderEpoch=0, isrWithBrokerEpoch=List(BrokerState(brokerId=0, brokerEpoch=-1)), leaderRecoveryState=RECOVERED, partitionEpoch=0) (state.change.logger)
[2023-09-04 11:39:52,784] INFO [Controller id=0 epoch=1] Changed partition __consumer_offsets-29 from NewPartition to OnlinePartition with state LeaderAndIsr(leader=0, leaderEpoch=0, isrWithBrokerEpoch=List(BrokerState(brokerId=0, brokerEpoch=-1)), leaderRecoveryState=RECOVERED, partitionEpoch=0) (state.change.logger)
[2023-09-04 11:39:52,784] INFO [Controller id=0 epoch=1] Changed partition __consumer_offsets-34 from NewPartition to OnlinePartition with state LeaderAndIsr(leader=0, leaderEpoch=0, isrWithBrokerEpoch=List(BrokerState(brokerId=0, brokerEpoch=-1)), leaderRecoveryState=RECOVERED, partitionEpoch=0) (state.change.logger)
[2023-09-04 11:39:52,784] INFO [Controller id=0 epoch=1] Changed partition __consumer_offsets-10 from NewPartition to OnlinePartition with state LeaderAndIsr(leader=0, leaderEpoch=0, isrWithBrokerEpoch=List(BrokerState(brokerId=0, brokerEpoch=-1)), leaderRecoveryState=RECOVERED, partitionEpoch=0) (state.change.logger)
[2023-09-04 11:39:52,785] INFO [Controller id=0 epoch=1] Changed partition __consumer_offsets-32 from NewPartition to OnlinePartition with state LeaderAndIsr(leader=0, leaderEpoch=0, isrWithBrokerEpoch=List(BrokerState(brokerId=0, brokerEpoch=-1)), leaderRecoveryState=RECOVERED, partitionEpoch=0) (state.change.logger)
[2023-09-04 11:39:52,785] INFO [Controller id=0 epoch=1] Changed partition __consumer_offsets-40 from NewPartition to OnlinePartition with state LeaderAndIsr(leader=0, leaderEpoch=0, isrWithBrokerEpoch=List(BrokerState(brokerId=0, brokerEpoch=-1)), leaderRecoveryState=RECOVERED, partitionEpoch=0) (state.change.logger)
[2023-09-04 11:39:52,785] INFO [Controller id=0 epoch=1] Sending LeaderAndIsr request to broker 0 with 50 become-leader and 0 become-follower partitions (state.change.logger)
[2023-09-04 11:39:52,785] INFO [Controller id=0 epoch=1] Sending UpdateMetadata request to brokers HashSet(0) for 50 partitions (state.change.logger)
[2023-09-04 11:39:52,786] INFO [Controller id=0 epoch=1] Sending UpdateMetadata request to brokers HashSet() for 0 partitions (state.change.logger)
[2023-09-04 11:39:52,792] INFO [Broker id=0] Handling LeaderAndIsr request correlationId 3 from controller 0 for 50 partitions (state.change.logger)
[2023-09-04 11:39:52,807] INFO [Broker id=0] Stopped fetchers as part of LeaderAndIsr request correlationId 3 from controller 0 epoch 1 as part of the become-leader transition for 50 partitions (state.change.logger)
[2023-09-04 11:39:52,820] INFO [Broker id=0] Leader __consumer_offsets-3 with topic id Some(m9LSL8p4Q3SwZu-Qv26qzQ) starts at leader epoch 0 from offset 0 with partition epoch 0, high watermark 0, ISR [0], adding replicas [] and removing replicas [] . Previous leader epoch was -1. (state.change.logger)
[2023-09-04 11:39:52,834] INFO [Broker id=0] Leader __consumer_offsets-18 with topic id Some(m9LSL8p4Q3SwZu-Qv26qzQ) starts at leader epoch 0 from offset 0 with partition epoch 0, high watermark 0, ISR [0], adding replicas [] and removing replicas [] . Previous leader epoch was -1. (state.change.logger)
[2023-09-04 11:39:52,847] INFO [Broker id=0] Leader __consumer_offsets-41 with topic id Some(m9LSL8p4Q3SwZu-Qv26qzQ) starts at leader epoch 0 from offset 0 with partition epoch 0, high watermark 0, ISR [0], adding replicas [] and removing replicas [] . Previous leader epoch was -1. (state.change.logger)
[2023-09-04 11:39:52,860] INFO [Broker id=0] Leader __consumer_offsets-10 with topic id Some(m9LSL8p4Q3SwZu-Qv26qzQ) starts at leader epoch 0 from offset 0 with partition epoch 0, high watermark 0, ISR [0], adding replicas [] and removing replicas [] . Previous leader epoch was -1. (state.change.logger)
[2023-09-04 11:39:52,873] INFO [Broker id=0] Leader __consumer_offsets-33 with topic id Some(m9LSL8p4Q3SwZu-Qv26qzQ) starts at leader epoch 0 from offset 0 with partition epoch 0, high watermark 0, ISR [0], adding replicas [] and removing replicas [] . Previous leader epoch was -1. (state.change.logger)
[2023-09-04 11:39:52,886] INFO [Broker id=0] Leader __consumer_offsets-48 with topic id Some(m9LSL8p4Q3SwZu-Qv26qzQ) starts at leader epoch 0 from offset 0 with partition epoch 0, high watermark 0, ISR [0], adding replicas [] and removing replicas [] . Previous leader epoch was -1. (state.change.logger)
[2023-09-04 11:39:52,900] INFO [Broker id=0] Leader __consumer_offsets-19 with topic id Some(m9LSL8p4Q3SwZu-Qv26qzQ) starts at leader epoch 0 from offset 0 with partition epoch 0, high watermark 0, ISR [0], adding replicas [] and removing replicas [] . Previous leader epoch was -1. (state.change.logger)
[2023-09-04 11:39:52,913] INFO [Broker id=0] Leader __consumer_offsets-34 with topic id Some(m9LSL8p4Q3SwZu-Qv26qzQ) starts at leader epoch 0 from offset 0 with partition epoch 0, high watermark 0, ISR [0], adding replicas [] and removing replicas [] . Previous leader epoch was -1. (state.change.logger)
[2023-09-04 11:39:52,925] INFO [Broker id=0] Leader __consumer_offsets-4 with topic id Some(m9LSL8p4Q3SwZu-Qv26qzQ) starts at leader epoch 0 from offset 0 with partition epoch 0, high watermark 0, ISR [0], adding replicas [] and removing replicas [] . Previous leader epoch was -1. (state.change.logger)
[2023-09-04 11:39:52,939] INFO [Broker id=0] Leader __consumer_offsets-11 with topic id Some(m9LSL8p4Q3SwZu-Qv26qzQ) starts at leader epoch 0 from offset 0 with partition epoch 0, high watermark 0, ISR [0], adding replicas [] and removing replicas [] . Previous leader epoch was -1. (state.change.logger)
[2023-09-04 11:39:52,952] INFO [Broker id=0] Leader __consumer_offsets-26 with topic id Some(m9LSL8p4Q3SwZu-Qv26qzQ) starts at leader epoch 0 from offset 0 with partition epoch 0, high watermark 0, ISR [0], adding replicas [] and removing replicas [] . Previous leader epoch was -1. (state.change.logger)
[2023-09-04 11:39:52,965] INFO [Broker id=0] Leader __consumer_offsets-49 with topic id Some(m9LSL8p4Q3SwZu-Qv26qzQ) starts at leader epoch 0 from offset 0 with partition epoch 0, high watermark 0, ISR [0], adding replicas [] and removing replicas [] . Previous leader epoch was -1. (state.change.logger)
[2023-09-04 11:39:52,978] INFO [Broker id=0] Leader __consumer_offsets-39 with topic id Some(m9LSL8p4Q3SwZu-Qv26qzQ) starts at leader epoch 0 from offset 0 with partition epoch 0, high watermark 0, ISR [0], adding replicas [] and removing replicas [] . Previous leader epoch was -1. (state.change.logger)
[2023-09-04 11:39:52,991] INFO [Broker id=0] Leader __consumer_offsets-9 with topic id Some(m9LSL8p4Q3SwZu-Qv26qzQ) starts at leader epoch 0 from offset 0 with partition epoch 0, high watermark 0, ISR [0], adding replicas [] and removing replicas [] . Previous leader epoch was -1. (state.change.logger)
[2023-09-04 11:39:53,004] INFO [Broker id=0] Leader __consumer_offsets-24 with topic id Some(m9LSL8p4Q3SwZu-Qv26qzQ) starts at leader epoch 0 from offset 0 with partition epoch 0, high watermark 0, ISR [0], adding replicas [] and removing replicas [] . Previous leader epoch was -1. (state.change.logger)
[2023-09-04 11:39:53,017] INFO [Broker id=0] Leader __consumer_offsets-31 with topic id Some(m9LSL8p4Q3SwZu-Qv26qzQ) starts at leader epoch 0 from offset 0 with partition epoch 0, high watermark 0, ISR [0], adding replicas [] and removing replicas [] . Previous leader epoch was -1. (state.change.logger)
[2023-09-04 11:39:53,031] INFO [Broker id=0] Leader __consumer_offsets-46 with topic id Some(m9LSL8p4Q3SwZu-Qv26qzQ) starts at leader epoch 0 from offset 0 with partition epoch 0, high watermark 0, ISR [0], adding replicas [] and removing replicas [] . Previous leader epoch was -1. (state.change.logger)
[2023-09-04 11:39:53,044] INFO [Broker id=0] Leader __consumer_offsets-1 with topic id Some(m9LSL8p4Q3SwZu-Qv26qzQ) starts at leader epoch 0 from offset 0 with partition epoch 0, high watermark 0, ISR [0], adding replicas [] and removing replicas [] . Previous leader epoch was -1. (state.change.logger)
[2023-09-04 11:39:53,057] INFO [Broker id=0] Leader __consumer_offsets-16 with topic id Some(m9LSL8p4Q3SwZu-Qv26qzQ) starts at leader epoch 0 from offset 0 with partition epoch 0, high watermark 0, ISR [0], adding replicas [] and removing replicas [] . Previous leader epoch was -1. (state.change.logger)
[2023-09-04 11:39:53,070] INFO [Broker id=0] Leader __consumer_offsets-2 with topic id Some(m9LSL8p4Q3SwZu-Qv26qzQ) starts at leader epoch 0 from offset 0 with partition epoch 0, high watermark 0, ISR [0], adding replicas [] and removing replicas [] . Previous leader epoch was -1. (state.change.logger)
[2023-09-04 11:39:53,083] INFO [Broker id=0] Leader __consumer_offsets-25 with topic id Some(m9LSL8p4Q3SwZu-Qv26qzQ) starts at leader epoch 0 from offset 0 with partition epoch 0, high watermark 0, ISR [0], adding replicas [] and removing replicas [] . Previous leader epoch was -1. (state.change.logger)
[2023-09-04 11:39:53,096] INFO [Broker id=0] Leader __consumer_offsets-40 with topic id Some(m9LSL8p4Q3SwZu-Qv26qzQ) starts at leader epoch 0 from offset 0 with partition epoch 0, high watermark 0, ISR [0], adding replicas [] and removing replicas [] . Previous leader epoch was -1. (state.change.logger)
[2023-09-04 11:39:53,110] INFO [Broker id=0] Leader __consumer_offsets-47 with topic id Some(m9LSL8p4Q3SwZu-Qv26qzQ) starts at leader epoch 0 from offset 0 with partition epoch 0, high watermark 0, ISR [0], adding replicas [] and removing replicas [] . Previous leader epoch was -1. (state.change.logger)
[2023-09-04 11:39:53,123] INFO [Broker id=0] Leader __consumer_offsets-17 with topic id Some(m9LSL8p4Q3SwZu-Qv26qzQ) starts at leader epoch 0 from offset 0 with partition epoch 0, high watermark 0, ISR [0], adding replicas [] and removing replicas [] . Previous leader epoch was -1. (state.change.logger)
[2023-09-04 11:39:53,137] INFO [Broker id=0] Leader __consumer_offsets-32 with topic id Some(m9LSL8p4Q3SwZu-Qv26qzQ) starts at leader epoch 0 from offset 0 with partition epoch 0, high watermark 0, ISR [0], adding replicas [] and removing replicas [] . Previous leader epoch was -1. (state.change.logger)
[2023-09-04 11:39:53,150] INFO [Broker id=0] Leader __consumer_offsets-37 with topic id Some(m9LSL8p4Q3SwZu-Qv26qzQ) starts at leader epoch 0 from offset 0 with partition epoch 0, high watermark 0, ISR [0], adding replicas [] and removing replicas [] . Previous leader epoch was -1. (state.change.logger)
[2023-09-04 11:39:53,164] INFO [Broker id=0] Leader __consumer_offsets-7 with topic id Some(m9LSL8p4Q3SwZu-Qv26qzQ) starts at leader epoch 0 from offset 0 with partition epoch 0, high watermark 0, ISR [0], adding replicas [] and removing replicas [] . Previous leader epoch was -1. (state.change.logger)
[2023-09-04 11:39:53,178] INFO [Broker id=0] Leader __consumer_offsets-22 with topic id Some(m9LSL8p4Q3SwZu-Qv26qzQ) starts at leader epoch 0 from offset 0 with partition epoch 0, high watermark 0, ISR [0], adding replicas [] and removing replicas [] . Previous leader epoch was -1. (state.change.logger)
[2023-09-04 11:39:53,190] INFO [Broker id=0] Leader __consumer_offsets-29 with topic id Some(m9LSL8p4Q3SwZu-Qv26qzQ) starts at leader epoch 0 from offset 0 with partition epoch 0, high watermark 0, ISR [0], adding replicas [] and removing replicas [] . Previous leader epoch was -1. (state.change.logger)
[2023-09-04 11:39:53,203] INFO [Broker id=0] Leader __consumer_offsets-44 with topic id Some(m9LSL8p4Q3SwZu-Qv26qzQ) starts at leader epoch 0 from offset 0 with partition epoch 0, high watermark 0, ISR [0], adding replicas [] and removing replicas [] . Previous leader epoch was -1. (state.change.logger)
[2023-09-04 11:39:53,217] INFO [Broker id=0] Leader __consumer_offsets-14 with topic id Some(m9LSL8p4Q3SwZu-Qv26qzQ) starts at leader epoch 0 from offset 0 with partition epoch 0, high watermark 0, ISR [0], adding replicas [] and removing replicas [] . Previous leader epoch was -1. (state.change.logger)
[2023-09-04 11:39:53,230] INFO [Broker id=0] Leader __consumer_offsets-23 with topic id Some(m9LSL8p4Q3SwZu-Qv26qzQ) starts at leader epoch 0 from offset 0 with partition epoch 0, high watermark 0, ISR [0], adding replicas [] and removing replicas [] . Previous leader epoch was -1. (state.change.logger)
[2023-09-04 11:39:53,243] INFO [Broker id=0] Leader __consumer_offsets-38 with topic id Some(m9LSL8p4Q3SwZu-Qv26qzQ) starts at leader epoch 0 from offset 0 with partition epoch 0, high watermark 0, ISR [0], adding replicas [] and removing replicas [] . Previous leader epoch was -1. (state.change.logger)
[2023-09-04 11:39:53,256] INFO [Broker id=0] Leader __consumer_offsets-8 with topic id Some(m9LSL8p4Q3SwZu-Qv26qzQ) starts at leader epoch 0 from offset 0 with partition epoch 0, high watermark 0, ISR [0], adding replicas [] and removing replicas [] . Previous leader epoch was -1. (state.change.logger)
[2023-09-04 11:39:53,269] INFO [Broker id=0] Leader __consumer_offsets-45 with topic id Some(m9LSL8p4Q3SwZu-Qv26qzQ) starts at leader epoch 0 from offset 0 with partition epoch 0, high watermark 0, ISR [0], adding replicas [] and removing replicas [] . Previous leader epoch was -1. (state.change.logger)
[2023-09-04 11:39:53,282] INFO [Broker id=0] Leader __consumer_offsets-15 with topic id Some(m9LSL8p4Q3SwZu-Qv26qzQ) starts at leader epoch 0 from offset 0 with partition epoch 0, high watermark 0, ISR [0], adding replicas [] and removing replicas [] . Previous leader epoch was -1. (state.change.logger)
[2023-09-04 11:39:53,295] INFO [Broker id=0] Leader __consumer_offsets-30 with topic id Some(m9LSL8p4Q3SwZu-Qv26qzQ) starts at leader epoch 0 from offset 0 with partition epoch 0, high watermark 0, ISR [0], adding replicas [] and removing replicas [] . Previous leader epoch was -1. (state.change.logger)
[2023-09-04 11:39:53,308] INFO [Broker id=0] Leader __consumer_offsets-0 with topic id Some(m9LSL8p4Q3SwZu-Qv26qzQ) starts at leader epoch 0 from offset 0 with partition epoch 0, high watermark 0, ISR [0], adding replicas [] and removing replicas [] . Previous leader epoch was -1. (state.change.logger)
[2023-09-04 11:39:53,322] INFO [Broker id=0] Leader __consumer_offsets-35 with topic id Some(m9LSL8p4Q3SwZu-Qv26qzQ) starts at leader epoch 0 from offset 0 with partition epoch 0, high watermark 0, ISR [0], adding replicas [] and removing replicas [] . Previous leader epoch was -1. (state.change.logger)
[2023-09-04 11:39:53,335] INFO [Broker id=0] Leader __consumer_offsets-5 with topic id Some(m9LSL8p4Q3SwZu-Qv26qzQ) starts at leader epoch 0 from offset 0 with partition epoch 0, high watermark 0, ISR [0], adding replicas [] and removing replicas [] . Previous leader epoch was -1. (state.change.logger)
[2023-09-04 11:39:53,348] INFO [Broker id=0] Leader __consumer_offsets-20 with topic id Some(m9LSL8p4Q3SwZu-Qv26qzQ) starts at leader epoch 0 from offset 0 with partition epoch 0, high watermark 0, ISR [0], adding replicas [] and removing replicas [] . Previous leader epoch was -1. (state.change.logger)
[2023-09-04 11:39:53,361] INFO [Broker id=0] Leader __consumer_offsets-27 with topic id Some(m9LSL8p4Q3SwZu-Qv26qzQ) starts at leader epoch 0 from offset 0 with partition epoch 0, high watermark 0, ISR [0], adding replicas [] and removing replicas [] . Previous leader epoch was -1. (state.change.logger)
[2023-09-04 11:39:53,374] INFO [Broker id=0] Leader __consumer_offsets-42 with topic id Some(m9LSL8p4Q3SwZu-Qv26qzQ) starts at leader epoch 0 from offset 0 with partition epoch 0, high watermark 0, ISR [0], adding replicas [] and removing replicas [] . Previous leader epoch was -1. (state.change.logger)
[2023-09-04 11:39:53,387] INFO [Broker id=0] Leader __consumer_offsets-12 with topic id Some(m9LSL8p4Q3SwZu-Qv26qzQ) starts at leader epoch 0 from offset 0 with partition epoch 0, high watermark 0, ISR [0], adding replicas [] and removing replicas [] . Previous leader epoch was -1. (state.change.logger)
[2023-09-04 11:39:53,402] INFO [Broker id=0] Leader __consumer_offsets-21 with topic id Some(m9LSL8p4Q3SwZu-Qv26qzQ) starts at leader epoch 0 from offset 0 with partition epoch 0, high watermark 0, ISR [0], adding replicas [] and removing replicas [] . Previous leader epoch was -1. (state.change.logger)
[2023-09-04 11:39:53,415] INFO [Broker id=0] Leader __consumer_offsets-36 with topic id Some(m9LSL8p4Q3SwZu-Qv26qzQ) starts at leader epoch 0 from offset 0 with partition epoch 0, high watermark 0, ISR [0], adding replicas [] and removing replicas [] . Previous leader epoch was -1. (state.change.logger)
[2023-09-04 11:39:53,429] INFO [Broker id=0] Leader __consumer_offsets-6 with topic id Some(m9LSL8p4Q3SwZu-Qv26qzQ) starts at leader epoch 0 from offset 0 with partition epoch 0, high watermark 0, ISR [0], adding replicas [] and removing replicas [] . Previous leader epoch was -1. (state.change.logger)
[2023-09-04 11:39:53,441] INFO [Broker id=0] Leader __consumer_offsets-43 with topic id Some(m9LSL8p4Q3SwZu-Qv26qzQ) starts at leader epoch 0 from offset 0 with partition epoch 0, high watermark 0, ISR [0], adding replicas [] and removing replicas [] . Previous leader epoch was -1. (state.change.logger)
[2023-09-04 11:39:53,455] INFO [Broker id=0] Leader __consumer_offsets-13 with topic id Some(m9LSL8p4Q3SwZu-Qv26qzQ) starts at leader epoch 0 from offset 0 with partition epoch 0, high watermark 0, ISR [0], adding replicas [] and removing replicas [] . Previous leader epoch was -1. (state.change.logger)
[2023-09-04 11:39:53,468] INFO [Broker id=0] Leader __consumer_offsets-28 with topic id Some(m9LSL8p4Q3SwZu-Qv26qzQ) starts at leader epoch 0 from offset 0 with partition epoch 0, high watermark 0, ISR [0], adding replicas [] and removing replicas [] . Previous leader epoch was -1. (state.change.logger)
[2023-09-04 11:39:53,491] INFO [Broker id=0] Finished LeaderAndIsr request in 699ms correlationId 3 from controller 0 for 50 partitions (state.change.logger)
[2023-09-04 11:39:53,494] INFO [Broker id=0] Add 50 partitions and deleted 0 partitions from metadata cache in response to UpdateMetadata request sent by controller 0 epoch 1 with correlation id 4 (state.change.logger)
[2023-09-08 09:54:35,304] INFO [Controller id=0 epoch=2] Sending UpdateMetadata request to brokers HashSet(0) for 0 partitions (state.change.logger)
[2023-09-08 09:54:35,333] INFO [Controller id=0 epoch=2] Sending LeaderAndIsr request to broker 0 with 51 become-leader and 0 become-follower partitions (state.change.logger)
[2023-09-08 09:54:35,335] INFO [Controller id=0 epoch=2] Sending UpdateMetadata request to brokers HashSet(0) for 51 partitions (state.change.logger)
[2023-09-08 09:54:35,890] INFO [Broker id=0] Handling LeaderAndIsr request correlationId 1 from controller 0 for 51 partitions (state.change.logger)
[2023-09-08 09:54:35,930] INFO [Broker id=0] Stopped fetchers as part of LeaderAndIsr request correlationId 1 from controller 0 epoch 2 as part of the become-leader transition for 51 partitions (state.change.logger)
[2023-09-08 09:54:35,950] INFO [Broker id=0] Leader __consumer_offsets-3 with topic id Some(m9LSL8p4Q3SwZu-Qv26qzQ) starts at leader epoch 0 from offset 0 with partition epoch 0, high watermark 0, ISR [0], adding replicas [] and removing replicas [] . Previous leader epoch was -1. (state.change.logger)
[2023-09-08 09:54:35,958] INFO [Broker id=0] Leader __consumer_offsets-18 with topic id Some(m9LSL8p4Q3SwZu-Qv26qzQ) starts at leader epoch 0 from offset 37 with partition epoch 0, high watermark 37, ISR [0], adding replicas [] and removing replicas [] . Previous leader epoch was -1. (state.change.logger)
[2023-09-08 09:54:35,958] INFO [Broker id=0] Leader __consumer_offsets-41 with topic id Some(m9LSL8p4Q3SwZu-Qv26qzQ) starts at leader epoch 0 from offset 0 with partition epoch 0, high watermark 0, ISR [0], adding replicas [] and removing replicas [] . Previous leader epoch was -1. (state.change.logger)
[2023-09-08 09:54:35,963] INFO [Broker id=0] Leader __consumer_offsets-10 with topic id Some(m9LSL8p4Q3SwZu-Qv26qzQ) starts at leader epoch 0 from offset 0 with partition epoch 0, high watermark 0, ISR [0], adding replicas [] and removing replicas [] . Previous leader epoch was -1. (state.change.logger)
[2023-09-08 09:54:35,969] INFO [Broker id=0] Leader __consumer_offsets-33 with topic id Some(m9LSL8p4Q3SwZu-Qv26qzQ) starts at leader epoch 0 from offset 0 with partition epoch 0, high watermark 0, ISR [0], adding replicas [] and removing replicas [] . Previous leader epoch was -1. (state.change.logger)
[2023-09-08 09:54:35,973] INFO [Broker id=0] Leader __consumer_offsets-48 with topic id Some(m9LSL8p4Q3SwZu-Qv26qzQ) starts at leader epoch 0 from offset 0 with partition epoch 0, high watermark 0, ISR [0], adding replicas [] and removing replicas [] . Previous leader epoch was -1. (state.change.logger)
[2023-09-08 09:54:35,977] INFO [Broker id=0] Leader __consumer_offsets-19 with topic id Some(m9LSL8p4Q3SwZu-Qv26qzQ) starts at leader epoch 0 from offset 0 with partition epoch 0, high watermark 0, ISR [0], adding replicas [] and removing replicas [] . Previous leader epoch was -1. (state.change.logger)
[2023-09-08 09:54:35,984] INFO [Broker id=0] Leader __consumer_offsets-34 with topic id Some(m9LSL8p4Q3SwZu-Qv26qzQ) starts at leader epoch 0 from offset 0 with partition epoch 0, high watermark 0, ISR [0], adding replicas [] and removing replicas [] . Previous leader epoch was -1. (state.change.logger)
[2023-09-08 09:54:35,988] INFO [Broker id=0] Leader __consumer_offsets-4 with topic id Some(m9LSL8p4Q3SwZu-Qv26qzQ) starts at leader epoch 0 from offset 0 with partition epoch 0, high watermark 0, ISR [0], adding replicas [] and removing replicas [] . Previous leader epoch was -1. (state.change.logger)
[2023-09-08 09:54:35,993] INFO [Broker id=0] Leader __consumer_offsets-11 with topic id Some(m9LSL8p4Q3SwZu-Qv26qzQ) starts at leader epoch 0 from offset 0 with partition epoch 0, high watermark 0, ISR [0], adding replicas [] and removing replicas [] . Previous leader epoch was -1. (state.change.logger)
[2023-09-08 09:54:36,001] INFO [Broker id=0] Leader __consumer_offsets-26 with topic id Some(m9LSL8p4Q3SwZu-Qv26qzQ) starts at leader epoch 0 from offset 0 with partition epoch 0, high watermark 0, ISR [0], adding replicas [] and removing replicas [] . Previous leader epoch was -1. (state.change.logger)
[2023-09-08 09:54:36,005] INFO [Broker id=0] Leader __consumer_offsets-49 with topic id Some(m9LSL8p4Q3SwZu-Qv26qzQ) starts at leader epoch 0 from offset 0 with partition epoch 0, high watermark 0, ISR [0], adding replicas [] and removing replicas [] . Previous leader epoch was -1. (state.change.logger)
[2023-09-08 09:54:36,009] INFO [Broker id=0] Leader __consumer_offsets-39 with topic id Some(m9LSL8p4Q3SwZu-Qv26qzQ) starts at leader epoch 0 from offset 0 with partition epoch 0, high watermark 0, ISR [0], adding replicas [] and removing replicas [] . Previous leader epoch was -1. (state.change.logger)
[2023-09-08 09:54:36,014] INFO [Broker id=0] Leader __consumer_offsets-9 with topic id Some(m9LSL8p4Q3SwZu-Qv26qzQ) starts at leader epoch 0 from offset 0 with partition epoch 0, high watermark 0, ISR [0], adding replicas [] and removing replicas [] . Previous leader epoch was -1. (state.change.logger)
[2023-09-08 09:54:36,018] INFO [Broker id=0] Leader __consumer_offsets-24 with topic id Some(m9LSL8p4Q3SwZu-Qv26qzQ) starts at leader epoch 0 from offset 0 with partition epoch 0, high watermark 0, ISR [0], adding replicas [] and removing replicas [] . Previous leader epoch was -1. (state.change.logger)
[2023-09-08 09:54:36,021] INFO [Broker id=0] Leader __consumer_offsets-31 with topic id Some(m9LSL8p4Q3SwZu-Qv26qzQ) starts at leader epoch 0 from offset 0 with partition epoch 0, high watermark 0, ISR [0], adding replicas [] and removing replicas [] . Previous leader epoch was -1. (state.change.logger)
[2023-09-08 09:54:36,025] INFO [Broker id=0] Leader __consumer_offsets-46 with topic id Some(m9LSL8p4Q3SwZu-Qv26qzQ) starts at leader epoch 0 from offset 0 with partition epoch 0, high watermark 0, ISR [0], adding replicas [] and removing replicas [] . Previous leader epoch was -1. (state.change.logger)
[2023-09-08 09:54:36,030] INFO [Broker id=0] Leader __consumer_offsets-1 with topic id Some(m9LSL8p4Q3SwZu-Qv26qzQ) starts at leader epoch 0 from offset 0 with partition epoch 0, high watermark 0, ISR [0], adding replicas [] and removing replicas [] . Previous leader epoch was -1. (state.change.logger)
[2023-09-08 09:54:36,034] INFO [Broker id=0] Leader __consumer_offsets-16 with topic id Some(m9LSL8p4Q3SwZu-Qv26qzQ) starts at leader epoch 0 from offset 0 with partition epoch 0, high watermark 0, ISR [0], adding replicas [] and removing replicas [] . Previous leader epoch was -1. (state.change.logger)
[2023-09-08 09:54:36,037] INFO [Broker id=0] Leader __consumer_offsets-2 with topic id Some(m9LSL8p4Q3SwZu-Qv26qzQ) starts at leader epoch 0 from offset 0 with partition epoch 0, high watermark 0, ISR [0], adding replicas [] and removing replicas [] . Previous leader epoch was -1. (state.change.logger)
[2023-09-08 09:54:36,042] INFO [Broker id=0] Leader __consumer_offsets-25 with topic id Some(m9LSL8p4Q3SwZu-Qv26qzQ) starts at leader epoch 0 from offset 0 with partition epoch 0, high watermark 0, ISR [0], adding replicas [] and removing replicas [] . Previous leader epoch was -1. (state.change.logger)
[2023-09-08 09:54:36,051] INFO [Broker id=0] Leader __consumer_offsets-40 with topic id Some(m9LSL8p4Q3SwZu-Qv26qzQ) starts at leader epoch 0 from offset 1 with partition epoch 0, high watermark 1, ISR [0], adding replicas [] and removing replicas [] . Previous leader epoch was -1. (state.change.logger)
[2023-09-08 09:54:36,058] INFO [Broker id=0] Leader __consumer_offsets-47 with topic id Some(m9LSL8p4Q3SwZu-Qv26qzQ) starts at leader epoch 0 from offset 0 with partition epoch 0, high watermark 0, ISR [0], adding replicas [] and removing replicas [] . Previous leader epoch was -1. (state.change.logger)
[2023-09-08 09:54:36,066] INFO [Broker id=0] Leader __consumer_offsets-17 with topic id Some(m9LSL8p4Q3SwZu-Qv26qzQ) starts at leader epoch 0 from offset 0 with partition epoch 0, high watermark 0, ISR [0], adding replicas [] and removing replicas [] . Previous leader epoch was -1. (state.change.logger)
[2023-09-08 09:54:36,071] INFO [Broker id=0] Leader __consumer_offsets-32 with topic id Some(m9LSL8p4Q3SwZu-Qv26qzQ) starts at leader epoch 0 from offset 0 with partition epoch 0, high watermark 0, ISR [0], adding replicas [] and removing replicas [] . Previous leader epoch was -1. (state.change.logger)
[2023-09-08 09:54:36,076] INFO [Broker id=0] Leader __consumer_offsets-37 with topic id Some(m9LSL8p4Q3SwZu-Qv26qzQ) starts at leader epoch 0 from offset 0 with partition epoch 0, high watermark 0, ISR [0], adding replicas [] and removing replicas [] . Previous leader epoch was -1. (state.change.logger)
[2023-09-08 09:54:36,081] INFO [Broker id=0] Leader __consumer_offsets-7 with topic id Some(m9LSL8p4Q3SwZu-Qv26qzQ) starts at leader epoch 0 from offset 0 with partition epoch 0, high watermark 0, ISR [0], adding replicas [] and removing replicas [] . Previous leader epoch was -1. (state.change.logger)
[2023-09-08 09:54:36,095] INFO [Broker id=0] Leader __consumer_offsets-22 with topic id Some(m9LSL8p4Q3SwZu-Qv26qzQ) starts at leader epoch 0 from offset 0 with partition epoch 0, high watermark 0, ISR [0], adding replicas [] and removing replicas [] . Previous leader epoch was -1. (state.change.logger)
[2023-09-08 09:54:36,099] INFO [Broker id=0] Leader __consumer_offsets-29 with topic id Some(m9LSL8p4Q3SwZu-Qv26qzQ) starts at leader epoch 0 from offset 0 with partition epoch 0, high watermark 0, ISR [0], adding replicas [] and removing replicas [] . Previous leader epoch was -1. (state.change.logger)
[2023-09-08 09:54:36,103] INFO [Broker id=0] Leader __consumer_offsets-44 with topic id Some(m9LSL8p4Q3SwZu-Qv26qzQ) starts at leader epoch 0 from offset 0 with partition epoch 0, high watermark 0, ISR [0], adding replicas [] and removing replicas [] . Previous leader epoch was -1. (state.change.logger)
[2023-09-08 09:54:36,106] INFO [Broker id=0] Leader __consumer_offsets-14 with topic id Some(m9LSL8p4Q3SwZu-Qv26qzQ) starts at leader epoch 0 from offset 0 with partition epoch 0, high watermark 0, ISR [0], adding replicas [] and removing replicas [] . Previous leader epoch was -1. (state.change.logger)
[2023-09-08 09:54:36,109] INFO [Broker id=0] Leader __consumer_offsets-23 with topic id Some(m9LSL8p4Q3SwZu-Qv26qzQ) starts at leader epoch 0 from offset 0 with partition epoch 0, high watermark 0, ISR [0], adding replicas [] and removing replicas [] . Previous leader epoch was -1. (state.change.logger)
[2023-09-08 09:54:36,112] INFO [Broker id=0] Leader __consumer_offsets-38 with topic id Some(m9LSL8p4Q3SwZu-Qv26qzQ) starts at leader epoch 0 from offset 0 with partition epoch 0, high watermark 0, ISR [0], adding replicas [] and removing replicas [] . Previous leader epoch was -1. (state.change.logger)
[2023-09-08 09:54:36,118] INFO [Broker id=0] Leader __consumer_offsets-8 with topic id Some(m9LSL8p4Q3SwZu-Qv26qzQ) starts at leader epoch 0 from offset 0 with partition epoch 0, high watermark 0, ISR [0], adding replicas [] and removing replicas [] . Previous leader epoch was -1. (state.change.logger)
[2023-09-08 09:54:36,123] INFO [Broker id=0] Leader __consumer_offsets-45 with topic id Some(m9LSL8p4Q3SwZu-Qv26qzQ) starts at leader epoch 0 from offset 0 with partition epoch 0, high watermark 0, ISR [0], adding replicas [] and removing replicas [] . Previous leader epoch was -1. (state.change.logger)
[2023-09-08 09:54:36,127] INFO [Broker id=0] Leader __consumer_offsets-15 with topic id Some(m9LSL8p4Q3SwZu-Qv26qzQ) starts at leader epoch 0 from offset 0 with partition epoch 0, high watermark 0, ISR [0], adding replicas [] and removing replicas [] . Previous leader epoch was -1. (state.change.logger)
[2023-09-08 09:54:36,130] INFO [Broker id=0] Leader __consumer_offsets-30 with topic id Some(m9LSL8p4Q3SwZu-Qv26qzQ) starts at leader epoch 0 from offset 0 with partition epoch 0, high watermark 0, ISR [0], adding replicas [] and removing replicas [] . Previous leader epoch was -1. (state.change.logger)
[2023-09-08 09:54:36,134] INFO [Broker id=0] Leader __consumer_offsets-0 with topic id Some(m9LSL8p4Q3SwZu-Qv26qzQ) starts at leader epoch 0 from offset 0 with partition epoch 0, high watermark 0, ISR [0], adding replicas [] and removing replicas [] . Previous leader epoch was -1. (state.change.logger)
[2023-09-08 09:54:36,139] INFO [Broker id=0] Leader __consumer_offsets-35 with topic id Some(m9LSL8p4Q3SwZu-Qv26qzQ) starts at leader epoch 0 from offset 0 with partition epoch 0, high watermark 0, ISR [0], adding replicas [] and removing replicas [] . Previous leader epoch was -1. (state.change.logger)
[2023-09-08 09:54:36,143] INFO [Broker id=0] Leader __consumer_offsets-5 with topic id Some(m9LSL8p4Q3SwZu-Qv26qzQ) starts at leader epoch 0 from offset 0 with partition epoch 0, high watermark 0, ISR [0], adding replicas [] and removing replicas [] . Previous leader epoch was -1. (state.change.logger)
[2023-09-08 09:54:36,152] INFO [Broker id=0] Leader __consumer_offsets-20 with topic id Some(m9LSL8p4Q3SwZu-Qv26qzQ) starts at leader epoch 0 from offset 0 with partition epoch 0, high watermark 0, ISR [0], adding replicas [] and removing replicas [] . Previous leader epoch was -1. (state.change.logger)
[2023-09-08 09:54:36,156] INFO [Broker id=0] Leader __consumer_offsets-27 with topic id Some(m9LSL8p4Q3SwZu-Qv26qzQ) starts at leader epoch 0 from offset 0 with partition epoch 0, high watermark 0, ISR [0], adding replicas [] and removing replicas [] . Previous leader epoch was -1. (state.change.logger)
[2023-09-08 09:54:36,160] INFO [Broker id=0] Leader __consumer_offsets-42 with topic id Some(m9LSL8p4Q3SwZu-Qv26qzQ) starts at leader epoch 0 from offset 0 with partition epoch 0, high watermark 0, ISR [0], adding replicas [] and removing replicas [] . Previous leader epoch was -1. (state.change.logger)
[2023-09-08 09:54:36,169] INFO [Broker id=0] Leader __consumer_offsets-12 with topic id Some(m9LSL8p4Q3SwZu-Qv26qzQ) starts at leader epoch 0 from offset 0 with partition epoch 0, high watermark 0, ISR [0], adding replicas [] and removing replicas [] . Previous leader epoch was -1. (state.change.logger)
[2023-09-08 09:54:36,173] INFO [Broker id=0] Leader login.user-0 with topic id Some(EINSeHDCSy6GDrCYW52sQw) starts at leader epoch 0 from offset 13 with partition epoch 0, high watermark 13, ISR [0], adding replicas [] and removing replicas [] . Previous leader epoch was -1. (state.change.logger)
[2023-09-08 09:54:36,173] INFO [Broker id=0] Leader __consumer_offsets-21 with topic id Some(m9LSL8p4Q3SwZu-Qv26qzQ) starts at leader epoch 0 from offset 0 with partition epoch 0, high watermark 0, ISR [0], adding replicas [] and removing replicas [] . Previous leader epoch was -1. (state.change.logger)
[2023-09-08 09:54:36,177] INFO [Broker id=0] Leader __consumer_offsets-36 with topic id Some(m9LSL8p4Q3SwZu-Qv26qzQ) starts at leader epoch 0 from offset 0 with partition epoch 0, high watermark 0, ISR [0], adding replicas [] and removing replicas [] . Previous leader epoch was -1. (state.change.logger)
[2023-09-08 09:54:36,181] INFO [Broker id=0] Leader __consumer_offsets-6 with topic id Some(m9LSL8p4Q3SwZu-Qv26qzQ) starts at leader epoch 0 from offset 0 with partition epoch 0, high watermark 0, ISR [0], adding replicas [] and removing replicas [] . Previous leader epoch was -1. (state.change.logger)
[2023-09-08 09:54:36,187] INFO [Broker id=0] Leader __consumer_offsets-43 with topic id Some(m9LSL8p4Q3SwZu-Qv26qzQ) starts at leader epoch 0 from offset 0 with partition epoch 0, high watermark 0, ISR [0], adding replicas [] and removing replicas [] . Previous leader epoch was -1. (state.change.logger)
[2023-09-08 09:54:36,191] INFO [Broker id=0] Leader __consumer_offsets-13 with topic id Some(m9LSL8p4Q3SwZu-Qv26qzQ) starts at leader epoch 0 from offset 0 with partition epoch 0, high watermark 0, ISR [0], adding replicas [] and removing replicas [] . Previous leader epoch was -1. (state.change.logger)
[2023-09-08 09:54:36,194] INFO [Broker id=0] Leader __consumer_offsets-28 with topic id Some(m9LSL8p4Q3SwZu-Qv26qzQ) starts at leader epoch 0 from offset 0 with partition epoch 0, high watermark 0, ISR [0], adding replicas [] and removing replicas [] . Previous leader epoch was -1. (state.change.logger)
[2023-09-08 09:54:36,312] INFO [Broker id=0] Finished LeaderAndIsr request in 423ms correlationId 1 from controller 0 for 51 partitions (state.change.logger)
[2023-09-08 09:54:36,320] INFO [Broker id=0] Add 51 partitions and deleted 0 partitions from metadata cache in response to UpdateMetadata request sent by controller 0 epoch 2 with correlation id 2 (state.change.logger)
[2023-09-08 09:55:45,331] INFO [Controller id=0 epoch=2] Changed partition user.login-0 state from NonExistentPartition to NewPartition with assigned replicas 0 (state.change.logger)
[2023-09-08 09:55:45,331] INFO [Controller id=0 epoch=2] Sending UpdateMetadata request to brokers HashSet() for 0 partitions (state.change.logger)
[2023-09-08 09:55:45,332] INFO [Controller id=0 epoch=2] Sending UpdateMetadata request to brokers HashSet() for 0 partitions (state.change.logger)
[2023-09-08 09:55:45,347] INFO [Controller id=0 epoch=2] Changed partition user.login-0 from NewPartition to OnlinePartition with state LeaderAndIsr(leader=0, leaderEpoch=0, isrWithBrokerEpoch=List(BrokerState(brokerId=0, brokerEpoch=-1)), leaderRecoveryState=RECOVERED, partitionEpoch=0) (state.change.logger)
[2023-09-08 09:55:45,347] INFO [Controller id=0 epoch=2] Sending LeaderAndIsr request to broker 0 with 1 become-leader and 0 become-follower partitions (state.change.logger)
[2023-09-08 09:55:45,347] INFO [Controller id=0 epoch=2] Sending UpdateMetadata request to brokers HashSet(0) for 1 partitions (state.change.logger)
[2023-09-08 09:55:45,347] INFO [Controller id=0 epoch=2] Sending UpdateMetadata request to brokers HashSet() for 0 partitions (state.change.logger)
[2023-09-08 09:55:45,348] INFO [Broker id=0] Handling LeaderAndIsr request correlationId 3 from controller 0 for 1 partitions (state.change.logger)
[2023-09-08 09:55:45,349] INFO [Broker id=0] Stopped fetchers as part of LeaderAndIsr request correlationId 3 from controller 0 epoch 2 as part of the become-leader transition for 1 partitions (state.change.logger)
[2023-09-08 09:55:45,373] INFO [Broker id=0] Leader user.login-0 with topic id Some(SUxGH5tbQm2C260NbBgUlw) starts at leader epoch 0 from offset 0 with partition epoch 0, high watermark 0, ISR [0], adding replicas [] and removing replicas [] . Previous leader epoch was -1. (state.change.logger)
[2023-09-08 09:55:45,378] INFO [Broker id=0] Finished LeaderAndIsr request in 30ms correlationId 3 from controller 0 for 1 partitions (state.change.logger)
[2023-09-08 09:55:45,380] INFO [Broker id=0] Add 1 partitions and deleted 0 partitions from metadata cache in response to UpdateMetadata request sent by controller 0 epoch 2 with correlation id 4 (state.change.logger)
[2023-09-08 09:55:57,061] INFO [Controller id=0 epoch=2] Changed partition user.login_r-0 state from NonExistentPartition to NewPartition with assigned replicas 0 (state.change.logger)
[2023-09-08 09:55:57,061] INFO [Controller id=0 epoch=2] Changed partition user.login_r-1 state from NonExistentPartition to NewPartition with assigned replicas 0 (state.change.logger)
[2023-09-08 09:55:57,061] INFO [Controller id=0 epoch=2] Changed partition user.login_r-2 state from NonExistentPartition to NewPartition with assigned replicas 0 (state.change.logger)
[2023-09-08 09:55:57,061] INFO [Controller id=0 epoch=2] Sending UpdateMetadata request to brokers HashSet() for 0 partitions (state.change.logger)
[2023-09-08 09:55:57,061] INFO [Controller id=0 epoch=2] Sending UpdateMetadata request to brokers HashSet() for 0 partitions (state.change.logger)
[2023-09-08 09:55:57,071] INFO [Controller id=0 epoch=2] Changed partition user.login_r-0 from NewPartition to OnlinePartition with state LeaderAndIsr(leader=0, leaderEpoch=0, isrWithBrokerEpoch=List(BrokerState(brokerId=0, brokerEpoch=-1)), leaderRecoveryState=RECOVERED, partitionEpoch=0) (state.change.logger)
[2023-09-08 09:55:57,071] INFO [Controller id=0 epoch=2] Changed partition user.login_r-1 from NewPartition to OnlinePartition with state LeaderAndIsr(leader=0, leaderEpoch=0, isrWithBrokerEpoch=List(BrokerState(brokerId=0, brokerEpoch=-1)), leaderRecoveryState=RECOVERED, partitionEpoch=0) (state.change.logger)
[2023-09-08 09:55:57,072] INFO [Controller id=0 epoch=2] Changed partition user.login_r-2 from NewPartition to OnlinePartition with state LeaderAndIsr(leader=0, leaderEpoch=0, isrWithBrokerEpoch=List(BrokerState(brokerId=0, brokerEpoch=-1)), leaderRecoveryState=RECOVERED, partitionEpoch=0) (state.change.logger)
[2023-09-08 09:55:57,072] INFO [Controller id=0 epoch=2] Sending LeaderAndIsr request to broker 0 with 3 become-leader and 0 become-follower partitions (state.change.logger)
[2023-09-08 09:55:57,072] INFO [Controller id=0 epoch=2] Sending UpdateMetadata request to brokers HashSet(0) for 3 partitions (state.change.logger)
[2023-09-08 09:55:57,072] INFO [Controller id=0 epoch=2] Sending UpdateMetadata request to brokers HashSet() for 0 partitions (state.change.logger)
[2023-09-08 09:55:57,072] INFO [Broker id=0] Handling LeaderAndIsr request correlationId 5 from controller 0 for 3 partitions (state.change.logger)
[2023-09-08 09:55:57,073] INFO [Broker id=0] Stopped fetchers as part of LeaderAndIsr request correlationId 5 from controller 0 epoch 2 as part of the become-leader transition for 3 partitions (state.change.logger)
[2023-09-08 09:55:57,092] INFO [Broker id=0] Leader user.login_r-1 with topic id Some(ByWsJH2_RgSsphPND1SbQw) starts at leader epoch 0 from offset 0 with partition epoch 0, high watermark 0, ISR [0], adding replicas [] and removing replicas [] . Previous leader epoch was -1. (state.change.logger)
[2023-09-08 09:55:57,116] INFO [Broker id=0] Leader user.login_r-0 with topic id Some(ByWsJH2_RgSsphPND1SbQw) starts at leader epoch 0 from offset 0 with partition epoch 0, high watermark 0, ISR [0], adding replicas [] and removing replicas [] . Previous leader epoch was -1. (state.change.logger)
[2023-09-08 09:55:57,138] INFO [Broker id=0] Leader user.login_r-2 with topic id Some(ByWsJH2_RgSsphPND1SbQw) starts at leader epoch 0 from offset 0 with partition epoch 0, high watermark 0, ISR [0], adding replicas [] and removing replicas [] . Previous leader epoch was -1. (state.change.logger)
[2023-09-08 09:55:57,142] INFO [Broker id=0] Finished LeaderAndIsr request in 70ms correlationId 5 from controller 0 for 3 partitions (state.change.logger)
[2023-09-08 09:55:57,143] INFO [Broker id=0] Add 3 partitions and deleted 0 partitions from metadata cache in response to UpdateMetadata request sent by controller 0 epoch 2 with correlation id 6 (state.change.logger)
[2023-09-08 09:55:57,172] INFO [Controller id=0 epoch=2] Changed partition user.login-1 state from NonExistentPartition to NewPartition with assigned replicas 0 (state.change.logger)
[2023-09-08 09:55:57,172] INFO [Controller id=0 epoch=2] Changed partition user.login-2 state from NonExistentPartition to NewPartition with assigned replicas 0 (state.change.logger)
[2023-09-08 09:55:57,172] INFO [Controller id=0 epoch=2] Sending UpdateMetadata request to brokers HashSet() for 0 partitions (state.change.logger)
[2023-09-08 09:55:57,172] INFO [Controller id=0 epoch=2] Sending UpdateMetadata request to brokers HashSet() for 0 partitions (state.change.logger)
[2023-09-08 09:55:57,180] INFO [Controller id=0 epoch=2] Changed partition user.login-1 from NewPartition to OnlinePartition with state LeaderAndIsr(leader=0, leaderEpoch=0, isrWithBrokerEpoch=List(BrokerState(brokerId=0, brokerEpoch=-1)), leaderRecoveryState=RECOVERED, partitionEpoch=0) (state.change.logger)
[2023-09-08 09:55:57,180] INFO [Controller id=0 epoch=2] Changed partition user.login-2 from NewPartition to OnlinePartition with state LeaderAndIsr(leader=0, leaderEpoch=0, isrWithBrokerEpoch=List(BrokerState(brokerId=0, brokerEpoch=-1)), leaderRecoveryState=RECOVERED, partitionEpoch=0) (state.change.logger)
[2023-09-08 09:55:57,180] INFO [Controller id=0 epoch=2] Sending LeaderAndIsr request to broker 0 with 2 become-leader and 0 become-follower partitions (state.change.logger)
[2023-09-08 09:55:57,181] INFO [Controller id=0 epoch=2] Sending UpdateMetadata request to brokers HashSet(0) for 2 partitions (state.change.logger)
[2023-09-08 09:55:57,181] INFO [Controller id=0 epoch=2] Sending UpdateMetadata request to brokers HashSet() for 0 partitions (state.change.logger)
[2023-09-08 09:55:57,181] INFO [Broker id=0] Handling LeaderAndIsr request correlationId 7 from controller 0 for 2 partitions (state.change.logger)
[2023-09-08 09:55:57,182] INFO [Broker id=0] Stopped fetchers as part of LeaderAndIsr request correlationId 7 from controller 0 epoch 2 as part of the become-leader transition for 2 partitions (state.change.logger)
[2023-09-08 09:55:57,201] INFO [Broker id=0] Leader user.login-1 with topic id Some(SUxGH5tbQm2C260NbBgUlw) starts at leader epoch 0 from offset 0 with partition epoch 0, high watermark 0, ISR [0], adding replicas [] and removing replicas [] . Previous leader epoch was -1. (state.change.logger)
[2023-09-08 09:55:57,222] INFO [Broker id=0] Leader user.login-2 with topic id Some(SUxGH5tbQm2C260NbBgUlw) starts at leader epoch 0 from offset 0 with partition epoch 0, high watermark 0, ISR [0], adding replicas [] and removing replicas [] . Previous leader epoch was -1. (state.change.logger)
[2023-09-08 09:55:57,226] INFO [Broker id=0] Finished LeaderAndIsr request in 45ms correlationId 7 from controller 0 for 2 partitions (state.change.logger)
[2023-09-08 09:55:57,227] INFO [Broker id=0] Add 2 partitions and deleted 0 partitions from metadata cache in response to UpdateMetadata request sent by controller 0 epoch 2 with correlation id 8 (state.change.logger)
[2023-09-08 11:04:59,405] INFO [Controller id=0 epoch=2] Sending UpdateMetadata request to brokers HashSet() for 0 partitions (state.change.logger)
