2023-07-20T09:39:42.898+05:30  INFO 292116 --- [restartedMain] com.app.elk.SpringElkStackApplication    : Starting SpringElkStackApplication using Java 17.0.6 with PID 292116 (D:\PERSONAL_WORKSPACE\spring-elk-stack\target\classes started by kapil.panchal.EXT in D:\PERSONAL_WORKSPACE\spring-elk-stack)
2023-07-20T09:39:42.900+05:30  INFO 292116 --- [restartedMain] com.app.elk.SpringElkStackApplication    : No active profile set, falling back to 1 default profile: "default"
2023-07-20T09:39:42.940+05:30  INFO 292116 --- [restartedMain] .e.DevToolsPropertyDefaultsPostProcessor : Devtools property defaults active! Set 'spring.devtools.add-properties' to 'false' to disable
2023-07-20T09:39:42.941+05:30  INFO 292116 --- [restartedMain] .e.DevToolsPropertyDefaultsPostProcessor : For additional web related logging consider setting the 'logging.level.web' property to 'DEBUG'
2023-07-20T09:39:43.645+05:30  INFO 292116 --- [restartedMain] o.s.b.w.embedded.tomcat.TomcatWebServer  : Tomcat initialized with port(s): 9003 (http)
2023-07-20T09:39:43.653+05:30  INFO 292116 --- [restartedMain] o.apache.catalina.core.StandardService   : Starting service [Tomcat]
2023-07-20T09:39:43.654+05:30  INFO 292116 --- [restartedMain] o.apache.catalina.core.StandardEngine    : Starting Servlet engine: [Apache Tomcat/10.1.10]
2023-07-20T09:39:43.715+05:30  INFO 292116 --- [restartedMain] o.a.c.c.C.[Tomcat].[localhost].[/]       : Initializing Spring embedded WebApplicationContext
2023-07-20T09:39:43.716+05:30  INFO 292116 --- [restartedMain] w.s.c.ServletWebServerApplicationContext : Root WebApplicationContext: initialization completed in 774 ms
2023-07-20T09:39:44.003+05:30  WARN 292116 --- [restartedMain] o.s.b.d.a.OptionalLiveReloadServer       : Unable to start LiveReload server
2023-07-20T09:39:44.039+05:30  INFO 292116 --- [restartedMain] o.s.b.w.embedded.tomcat.TomcatWebServer  : Tomcat started on port(s): 9003 (http) with context path ''
2023-07-20T09:39:44.047+05:30  INFO 292116 --- [restartedMain] com.app.elk.SpringElkStackApplication    : Started SpringElkStackApplication in 1.508 seconds (process running for 2.395)
2023-07-20T09:40:20.390+05:30  INFO 292116 --- [http-nio-9003-exec-1] o.a.c.c.C.[Tomcat].[localhost].[/]       : Initializing Spring DispatcherServlet 'dispatcherServlet'
2023-07-20T09:40:20.390+05:30  INFO 292116 --- [http-nio-9003-exec-1] o.s.web.servlet.DispatcherServlet        : Initializing Servlet 'dispatcherServlet'
2023-07-20T09:40:20.391+05:30  INFO 292116 --- [http-nio-9003-exec-1] o.s.web.servlet.DispatcherServlet        : Completed initialization in 1 ms
2023-07-20T09:40:20.425+05:30  INFO 292116 --- [http-nio-9003-exec-1] com.app.elk.api.UserController           : User found: UserBean(id=1, name=John)
2023-07-20T09:40:49.872+05:30 ERROR 292116 --- [http-nio-9003-exec-3] com.app.elk.api.UserController           : User not found with UserId: null
2023-07-20T09:41:15.371+05:30  INFO 292116 --- [RMI TCP Connection(11)-127.0.0.1] inMXBeanRegistrar$SpringApplicationAdmin : Application shutdown requested.
2023-07-20T09:41:15.389+05:30  INFO 292116 --- [RMI TCP Connection(11)-127.0.0.1] o.apache.catalina.core.StandardService   : Stopping service [Tomcat]
2023-07-20T09:41:15.390+05:30  INFO 292116 --- [RMI TCP Connection(11)-127.0.0.1] o.a.c.c.C.[Tomcat].[localhost].[/]       : Destroying Spring FrameworkServlet 'dispatcherServlet'
